<?xml version="1.0" encoding="UTF-8"?>
<testsuite name="io.sanctuary.bs.api.application.user.retrieve.getById.GetUserByIdUseCaseTest" tests="3" skipped="0" failures="0" errors="0" timestamp="2022-09-22T23:36:17" hostname="RASHID" time="0.015">
  <properties/>
  <testcase name="givenAValidUserId_whenCallsGetByIdUser_thenShouldReturnUser()" classname="io.sanctuary.bs.api.application.user.retrieve.getById.GetUserByIdUseCaseTest" time="0.011"/>
  <testcase name="givenAValidUserId_whenGatewayThrows_thenShouldReturnException()" classname="io.sanctuary.bs.api.application.user.retrieve.getById.GetUserByIdUseCaseTest" time="0.001"/>
  <testcase name="givenAnInvalidUserId_whenCallsDeleteUser_thenShouldBeOk()" classname="io.sanctuary.bs.api.application.user.retrieve.getById.GetUserByIdUseCaseTest" time="0.001"/>
  <system-out><![CDATA[]]></system-out>
  <system-err><![CDATA[]]></system-err>
</testsuite>
